2024-09-11T13:45:00.658-04:00  INFO 63886 --- [dictionary_etl] [restartedMain] e.h.d.a.d.DictionaryEtlApplication       : Starting DictionaryEtlApplication using Java 19.0.2 with PID 63886 (/Users/sharra/github/picsure-dictionary-etl/target/classes started by sharra in /Users/sharra/github/picsure-dictionary-etl)
2024-09-11T13:45:00.660-04:00  INFO 63886 --- [dictionary_etl] [restartedMain] e.h.d.a.d.DictionaryEtlApplication       : No active profile set, falling back to 1 default profile: "default"
2024-09-11T13:45:00.709-04:00  INFO 63886 --- [dictionary_etl] [restartedMain] .e.DevToolsPropertyDefaultsPostProcessor : Devtools property defaults active! Set 'spring.devtools.add-properties' to 'false' to disable
2024-09-11T13:45:00.709-04:00  INFO 63886 --- [dictionary_etl] [restartedMain] .e.DevToolsPropertyDefaultsPostProcessor : For additional web related logging consider setting the 'logging.level.web' property to 'DEBUG'
2024-09-11T13:45:01.369-04:00  INFO 63886 --- [dictionary_etl] [restartedMain] .s.d.r.c.RepositoryConfigurationDelegate : Bootstrapping Spring Data JPA repositories in DEFAULT mode.
2024-09-11T13:45:01.437-04:00  INFO 63886 --- [dictionary_etl] [restartedMain] .s.d.r.c.RepositoryConfigurationDelegate : Finished Spring Data repository scanning in 58 ms. Found 9 JPA repository interfaces.
2024-09-11T13:45:02.074-04:00  INFO 63886 --- [dictionary_etl] [restartedMain] o.s.b.w.embedded.tomcat.TomcatWebServer  : Tomcat initialized with port 8086 (http)
2024-09-11T13:45:02.089-04:00  INFO 63886 --- [dictionary_etl] [restartedMain] o.apache.catalina.core.StandardService   : Starting service [Tomcat]
2024-09-11T13:45:02.089-04:00  INFO 63886 --- [dictionary_etl] [restartedMain] o.apache.catalina.core.StandardEngine    : Starting Servlet engine: [Apache Tomcat/10.1.19]
2024-09-11T13:45:02.132-04:00  INFO 63886 --- [dictionary_etl] [restartedMain] o.a.c.c.C.[Tomcat].[localhost].[/]       : Initializing Spring embedded WebApplicationContext
2024-09-11T13:45:02.132-04:00  INFO 63886 --- [dictionary_etl] [restartedMain] w.s.c.ServletWebServerApplicationContext : Root WebApplicationContext: initialization completed in 1423 ms
2024-09-11T13:45:02.284-04:00  INFO 63886 --- [dictionary_etl] [restartedMain] com.zaxxer.hikari.HikariDataSource       : HikariPool-1 - Starting...
2024-09-11T13:45:02.503-04:00  INFO 63886 --- [dictionary_etl] [restartedMain] com.zaxxer.hikari.pool.HikariPool        : HikariPool-1 - Added connection org.postgresql.jdbc.PgConnection@1c594b51
2024-09-11T13:45:02.505-04:00  INFO 63886 --- [dictionary_etl] [restartedMain] com.zaxxer.hikari.HikariDataSource       : HikariPool-1 - Start completed.
2024-09-11T13:45:02.566-04:00  INFO 63886 --- [dictionary_etl] [restartedMain] o.hibernate.jpa.internal.util.LogHelper  : HHH000204: Processing PersistenceUnitInfo [name: default]
2024-09-11T13:45:02.636-04:00  INFO 63886 --- [dictionary_etl] [restartedMain] org.hibernate.Version                    : HHH000412: Hibernate ORM core version 6.4.4.Final
2024-09-11T13:45:02.673-04:00  INFO 63886 --- [dictionary_etl] [restartedMain] o.h.c.internal.RegionFactoryInitiator    : HHH000026: Second-level cache disabled
2024-09-11T13:45:02.900-04:00  INFO 63886 --- [dictionary_etl] [restartedMain] o.s.o.j.p.SpringPersistenceUnitInfo      : No LoadTimeWeaver setup: ignoring JPA class transformer
2024-09-11T13:45:03.854-04:00  INFO 63886 --- [dictionary_etl] [restartedMain] o.h.e.t.j.p.i.JtaPlatformInitiator       : HHH000489: No JTA platform available (set 'hibernate.transaction.jta.platform' to enable JTA platform integration)
2024-09-11T13:45:03.857-04:00  INFO 63886 --- [dictionary_etl] [restartedMain] j.LocalContainerEntityManagerFactoryBean : Initialized JPA EntityManagerFactory for persistence unit 'default'
2024-09-11T13:45:04.309-04:00  WARN 63886 --- [dictionary_etl] [restartedMain] JpaBaseConfiguration$JpaWebConfiguration : spring.jpa.open-in-view is enabled by default. Therefore, database queries may be performed during view rendering. Explicitly configure spring.jpa.open-in-view to disable this warning
2024-09-11T13:45:04.909-04:00  INFO 63886 --- [dictionary_etl] [restartedMain] o.s.b.d.a.OptionalLiveReloadServer       : LiveReload server is running on port 35729
2024-09-11T13:45:04.943-04:00  INFO 63886 --- [dictionary_etl] [restartedMain] o.s.b.w.embedded.tomcat.TomcatWebServer  : Tomcat started on port 8086 (http) with context path ''
2024-09-11T13:45:04.954-04:00  INFO 63886 --- [dictionary_etl] [restartedMain] e.h.d.a.d.DictionaryEtlApplication       : Started DictionaryEtlApplication in 4.75 seconds (process running for 5.238)
2024-09-11T13:45:15.567-04:00  INFO 63886 --- [dictionary_etl] [http-nio-8086-exec-2] o.a.c.c.C.[Tomcat].[localhost].[/]       : Initializing Spring DispatcherServlet 'dispatcherServlet'
2024-09-11T13:45:15.568-04:00  INFO 63886 --- [dictionary_etl] [http-nio-8086-exec-2] o.s.web.servlet.DispatcherServlet        : Initializing Servlet 'dispatcherServlet'
2024-09-11T13:45:15.569-04:00  INFO 63886 --- [dictionary_etl] [http-nio-8086-exec-2] o.s.web.servlet.DispatcherServlet        : Completed initialization in 1 ms
2024-09-11T13:46:06.325-04:00  INFO 63886 --- [dictionary_etl] [SpringApplicationShutdownHook] j.LocalContainerEntityManagerFactoryBean : Closing JPA EntityManagerFactory for persistence unit 'default'
2024-09-11T13:46:06.329-04:00  INFO 63886 --- [dictionary_etl] [SpringApplicationShutdownHook] com.zaxxer.hikari.HikariDataSource       : HikariPool-1 - Shutdown initiated...
2024-09-11T13:46:06.332-04:00  INFO 63886 --- [dictionary_etl] [SpringApplicationShutdownHook] com.zaxxer.hikari.HikariDataSource       : HikariPool-1 - Shutdown completed.
2024-09-11T13:46:25.932-04:00  INFO 64322 --- [dictionary_etl] [restartedMain] e.h.d.a.d.DictionaryEtlApplication       : Starting DictionaryEtlApplication using Java 19.0.2 with PID 64322 (/Users/sharra/github/picsure-dictionary-etl/target/classes started by sharra in /Users/sharra/github/picsure-dictionary-etl)
2024-09-11T13:46:25.934-04:00  INFO 64322 --- [dictionary_etl] [restartedMain] e.h.d.a.d.DictionaryEtlApplication       : No active profile set, falling back to 1 default profile: "default"
2024-09-11T13:46:25.989-04:00  INFO 64322 --- [dictionary_etl] [restartedMain] .e.DevToolsPropertyDefaultsPostProcessor : Devtools property defaults active! Set 'spring.devtools.add-properties' to 'false' to disable
2024-09-11T13:46:25.989-04:00  INFO 64322 --- [dictionary_etl] [restartedMain] .e.DevToolsPropertyDefaultsPostProcessor : For additional web related logging consider setting the 'logging.level.web' property to 'DEBUG'
2024-09-11T13:46:26.636-04:00  INFO 64322 --- [dictionary_etl] [restartedMain] .s.d.r.c.RepositoryConfigurationDelegate : Bootstrapping Spring Data JPA repositories in DEFAULT mode.
2024-09-11T13:46:26.701-04:00  INFO 64322 --- [dictionary_etl] [restartedMain] .s.d.r.c.RepositoryConfigurationDelegate : Finished Spring Data repository scanning in 56 ms. Found 9 JPA repository interfaces.
2024-09-11T13:46:27.240-04:00  INFO 64322 --- [dictionary_etl] [restartedMain] o.s.b.w.embedded.tomcat.TomcatWebServer  : Tomcat initialized with port 8086 (http)
2024-09-11T13:46:27.253-04:00  INFO 64322 --- [dictionary_etl] [restartedMain] o.apache.catalina.core.StandardService   : Starting service [Tomcat]
2024-09-11T13:46:27.253-04:00  INFO 64322 --- [dictionary_etl] [restartedMain] o.apache.catalina.core.StandardEngine    : Starting Servlet engine: [Apache Tomcat/10.1.19]
2024-09-11T13:46:27.296-04:00  INFO 64322 --- [dictionary_etl] [restartedMain] o.a.c.c.C.[Tomcat].[localhost].[/]       : Initializing Spring embedded WebApplicationContext
2024-09-11T13:46:27.296-04:00  INFO 64322 --- [dictionary_etl] [restartedMain] w.s.c.ServletWebServerApplicationContext : Root WebApplicationContext: initialization completed in 1306 ms
2024-09-11T13:46:27.431-04:00  INFO 64322 --- [dictionary_etl] [restartedMain] com.zaxxer.hikari.HikariDataSource       : HikariPool-1 - Starting...
2024-09-11T13:46:27.590-04:00  INFO 64322 --- [dictionary_etl] [restartedMain] com.zaxxer.hikari.pool.HikariPool        : HikariPool-1 - Added connection org.postgresql.jdbc.PgConnection@6aac1727
2024-09-11T13:46:27.591-04:00  INFO 64322 --- [dictionary_etl] [restartedMain] com.zaxxer.hikari.HikariDataSource       : HikariPool-1 - Start completed.
2024-09-11T13:46:27.634-04:00  INFO 64322 --- [dictionary_etl] [restartedMain] o.hibernate.jpa.internal.util.LogHelper  : HHH000204: Processing PersistenceUnitInfo [name: default]
2024-09-11T13:46:27.693-04:00  INFO 64322 --- [dictionary_etl] [restartedMain] org.hibernate.Version                    : HHH000412: Hibernate ORM core version 6.4.4.Final
2024-09-11T13:46:27.725-04:00  INFO 64322 --- [dictionary_etl] [restartedMain] o.h.c.internal.RegionFactoryInitiator    : HHH000026: Second-level cache disabled
2024-09-11T13:46:27.951-04:00  INFO 64322 --- [dictionary_etl] [restartedMain] o.s.o.j.p.SpringPersistenceUnitInfo      : No LoadTimeWeaver setup: ignoring JPA class transformer
2024-09-11T13:46:28.858-04:00  INFO 64322 --- [dictionary_etl] [restartedMain] o.h.e.t.j.p.i.JtaPlatformInitiator       : HHH000489: No JTA platform available (set 'hibernate.transaction.jta.platform' to enable JTA platform integration)
2024-09-11T13:46:28.860-04:00  INFO 64322 --- [dictionary_etl] [restartedMain] j.LocalContainerEntityManagerFactoryBean : Initialized JPA EntityManagerFactory for persistence unit 'default'
2024-09-11T13:46:29.288-04:00  WARN 64322 --- [dictionary_etl] [restartedMain] JpaBaseConfiguration$JpaWebConfiguration : spring.jpa.open-in-view is enabled by default. Therefore, database queries may be performed during view rendering. Explicitly configure spring.jpa.open-in-view to disable this warning
2024-09-11T13:46:29.826-04:00  INFO 64322 --- [dictionary_etl] [restartedMain] o.s.b.d.a.OptionalLiveReloadServer       : LiveReload server is running on port 35729
2024-09-11T13:46:29.852-04:00  INFO 64322 --- [dictionary_etl] [restartedMain] o.s.b.w.embedded.tomcat.TomcatWebServer  : Tomcat started on port 8086 (http) with context path ''
2024-09-11T13:46:29.862-04:00  INFO 64322 --- [dictionary_etl] [restartedMain] e.h.d.a.d.DictionaryEtlApplication       : Started DictionaryEtlApplication in 4.342 seconds (process running for 4.738)
2024-09-11T13:46:52.348-04:00  INFO 64322 --- [dictionary_etl] [http-nio-8086-exec-2] o.a.c.c.C.[Tomcat].[localhost].[/]       : Initializing Spring DispatcherServlet 'dispatcherServlet'
2024-09-11T13:46:52.348-04:00  INFO 64322 --- [dictionary_etl] [http-nio-8086-exec-2] o.s.web.servlet.DispatcherServlet        : Initializing Servlet 'dispatcherServlet'
2024-09-11T13:46:52.350-04:00  INFO 64322 --- [dictionary_etl] [http-nio-8086-exec-2] o.s.web.servlet.DispatcherServlet        : Completed initialization in 1 ms
2024-09-11T13:49:08.404-04:00  INFO 64322 --- [dictionary_etl] [File Watcher] rtingClassPathChangeChangedEventListener : Restarting due to 1 class path change (0 additions, 0 deletions, 1 modification)
2024-09-11T13:49:08.418-04:00  INFO 64322 --- [dictionary_etl] [Thread-5] j.LocalContainerEntityManagerFactoryBean : Closing JPA EntityManagerFactory for persistence unit 'default'
2024-09-11T13:49:08.423-04:00  INFO 64322 --- [dictionary_etl] [Thread-5] com.zaxxer.hikari.HikariDataSource       : HikariPool-1 - Shutdown initiated...
2024-09-11T13:49:08.425-04:00  INFO 64322 --- [dictionary_etl] [Thread-5] com.zaxxer.hikari.HikariDataSource       : HikariPool-1 - Shutdown completed.
2024-09-11T13:49:08.590-04:00  INFO 64322 --- [dictionary_etl] [restartedMain] e.h.d.a.d.DictionaryEtlApplication       : Starting DictionaryEtlApplication using Java 19.0.2 with PID 64322 (/Users/sharra/github/picsure-dictionary-etl/target/classes started by sharra in /Users/sharra/github/picsure-dictionary-etl)
2024-09-11T13:49:08.591-04:00  INFO 64322 --- [dictionary_etl] [restartedMain] e.h.d.a.d.DictionaryEtlApplication       : No active profile set, falling back to 1 default profile: "default"
2024-09-11T13:49:08.816-04:00  INFO 64322 --- [dictionary_etl] [restartedMain] .s.d.r.c.RepositoryConfigurationDelegate : Bootstrapping Spring Data JPA repositories in DEFAULT mode.
2024-09-11T13:49:08.841-04:00  INFO 64322 --- [dictionary_etl] [restartedMain] .s.d.r.c.RepositoryConfigurationDelegate : Finished Spring Data repository scanning in 24 ms. Found 9 JPA repository interfaces.
2024-09-11T13:49:08.940-04:00  INFO 64322 --- [dictionary_etl] [restartedMain] o.s.b.w.embedded.tomcat.TomcatWebServer  : Tomcat initialized with port 8086 (http)
2024-09-11T13:49:08.941-04:00  INFO 64322 --- [dictionary_etl] [restartedMain] o.apache.catalina.core.StandardService   : Starting service [Tomcat]
2024-09-11T13:49:08.941-04:00  INFO 64322 --- [dictionary_etl] [restartedMain] o.apache.catalina.core.StandardEngine    : Starting Servlet engine: [Apache Tomcat/10.1.19]
2024-09-11T13:49:08.949-04:00  INFO 64322 --- [dictionary_etl] [restartedMain] o.a.c.c.C.[Tomcat].[localhost].[/]       : Initializing Spring embedded WebApplicationContext
2024-09-11T13:49:08.949-04:00  INFO 64322 --- [dictionary_etl] [restartedMain] w.s.c.ServletWebServerApplicationContext : Root WebApplicationContext: initialization completed in 356 ms
2024-09-11T13:49:08.983-04:00  INFO 64322 --- [dictionary_etl] [restartedMain] com.zaxxer.hikari.HikariDataSource       : HikariPool-2 - Starting...
2024-09-11T13:49:09.009-04:00  INFO 64322 --- [dictionary_etl] [restartedMain] com.zaxxer.hikari.pool.HikariPool        : HikariPool-2 - Added connection org.postgresql.jdbc.PgConnection@543b688e
2024-09-11T13:49:09.009-04:00  INFO 64322 --- [dictionary_etl] [restartedMain] com.zaxxer.hikari.HikariDataSource       : HikariPool-2 - Start completed.
2024-09-11T13:49:09.010-04:00  INFO 64322 --- [dictionary_etl] [restartedMain] o.hibernate.jpa.internal.util.LogHelper  : HHH000204: Processing PersistenceUnitInfo [name: default]
2024-09-11T13:49:09.012-04:00  INFO 64322 --- [dictionary_etl] [restartedMain] o.h.c.internal.RegionFactoryInitiator    : HHH000026: Second-level cache disabled
2024-09-11T13:49:09.015-04:00  INFO 64322 --- [dictionary_etl] [restartedMain] o.s.o.j.p.SpringPersistenceUnitInfo      : No LoadTimeWeaver setup: ignoring JPA class transformer
2024-09-11T13:49:09.115-04:00  INFO 64322 --- [dictionary_etl] [restartedMain] o.h.e.t.j.p.i.JtaPlatformInitiator       : HHH000489: No JTA platform available (set 'hibernate.transaction.jta.platform' to enable JTA platform integration)
2024-09-11T13:49:09.115-04:00  INFO 64322 --- [dictionary_etl] [restartedMain] j.LocalContainerEntityManagerFactoryBean : Initialized JPA EntityManagerFactory for persistence unit 'default'
2024-09-11T13:49:09.231-04:00  WARN 64322 --- [dictionary_etl] [restartedMain] JpaBaseConfiguration$JpaWebConfiguration : spring.jpa.open-in-view is enabled by default. Therefore, database queries may be performed during view rendering. Explicitly configure spring.jpa.open-in-view to disable this warning
2024-09-11T13:49:09.381-04:00  INFO 64322 --- [dictionary_etl] [restartedMain] o.s.b.d.a.OptionalLiveReloadServer       : LiveReload server is running on port 35729
2024-09-11T13:49:09.389-04:00  INFO 64322 --- [dictionary_etl] [restartedMain] o.s.b.w.embedded.tomcat.TomcatWebServer  : Tomcat started on port 8086 (http) with context path ''
2024-09-11T13:49:09.394-04:00  INFO 64322 --- [dictionary_etl] [restartedMain] e.h.d.a.d.DictionaryEtlApplication       : Started DictionaryEtlApplication in 0.836 seconds (process running for 164.267)
2024-09-11T13:49:09.396-04:00  INFO 64322 --- [dictionary_etl] [restartedMain] .ConditionEvaluationDeltaLoggingListener : Condition evaluation unchanged
2024-09-11T13:49:15.732-04:00  INFO 64322 --- [dictionary_etl] [http-nio-8086-exec-2] o.a.c.c.C.[Tomcat].[localhost].[/]       : Initializing Spring DispatcherServlet 'dispatcherServlet'
2024-09-11T13:49:15.732-04:00  INFO 64322 --- [dictionary_etl] [http-nio-8086-exec-2] o.s.web.servlet.DispatcherServlet        : Initializing Servlet 'dispatcherServlet'
2024-09-11T13:49:15.733-04:00  INFO 64322 --- [dictionary_etl] [http-nio-8086-exec-2] o.s.web.servlet.DispatcherServlet        : Completed initialization in 1 ms
2024-09-11T13:49:54.118-04:00  INFO 64322 --- [dictionary_etl] [File Watcher] rtingClassPathChangeChangedEventListener : Restarting due to 1 class path change (0 additions, 0 deletions, 1 modification)
2024-09-11T13:49:54.124-04:00  INFO 64322 --- [dictionary_etl] [Thread-7] j.LocalContainerEntityManagerFactoryBean : Closing JPA EntityManagerFactory for persistence unit 'default'
2024-09-11T13:49:54.125-04:00  INFO 64322 --- [dictionary_etl] [Thread-7] com.zaxxer.hikari.HikariDataSource       : HikariPool-2 - Shutdown initiated...
2024-09-11T13:49:54.127-04:00  INFO 64322 --- [dictionary_etl] [Thread-7] com.zaxxer.hikari.HikariDataSource       : HikariPool-2 - Shutdown completed.
2024-09-11T13:49:54.240-04:00  INFO 64322 --- [dictionary_etl] [restartedMain] e.h.d.a.d.DictionaryEtlApplication       : Starting DictionaryEtlApplication using Java 19.0.2 with PID 64322 (/Users/sharra/github/picsure-dictionary-etl/target/classes started by sharra in /Users/sharra/github/picsure-dictionary-etl)
2024-09-11T13:49:54.240-04:00  INFO 64322 --- [dictionary_etl] [restartedMain] e.h.d.a.d.DictionaryEtlApplication       : No active profile set, falling back to 1 default profile: "default"
2024-09-11T13:49:54.434-04:00  INFO 64322 --- [dictionary_etl] [restartedMain] .s.d.r.c.RepositoryConfigurationDelegate : Bootstrapping Spring Data JPA repositories in DEFAULT mode.
2024-09-11T13:49:54.448-04:00  INFO 64322 --- [dictionary_etl] [restartedMain] .s.d.r.c.RepositoryConfigurationDelegate : Finished Spring Data repository scanning in 13 ms. Found 9 JPA repository interfaces.
2024-09-11T13:49:54.533-04:00  INFO 64322 --- [dictionary_etl] [restartedMain] o.s.b.w.embedded.tomcat.TomcatWebServer  : Tomcat initialized with port 8086 (http)
2024-09-11T13:49:54.533-04:00  INFO 64322 --- [dictionary_etl] [restartedMain] o.apache.catalina.core.StandardService   : Starting service [Tomcat]
2024-09-11T13:49:54.533-04:00  INFO 64322 --- [dictionary_etl] [restartedMain] o.apache.catalina.core.StandardEngine    : Starting Servlet engine: [Apache Tomcat/10.1.19]
2024-09-11T13:49:54.542-04:00  INFO 64322 --- [dictionary_etl] [restartedMain] o.a.c.c.C.[Tomcat].[localhost].[/]       : Initializing Spring embedded WebApplicationContext
2024-09-11T13:49:54.542-04:00  INFO 64322 --- [dictionary_etl] [restartedMain] w.s.c.ServletWebServerApplicationContext : Root WebApplicationContext: initialization completed in 301 ms
2024-09-11T13:49:54.574-04:00  INFO 64322 --- [dictionary_etl] [restartedMain] com.zaxxer.hikari.HikariDataSource       : HikariPool-3 - Starting...
2024-09-11T13:49:54.598-04:00  INFO 64322 --- [dictionary_etl] [restartedMain] com.zaxxer.hikari.pool.HikariPool        : HikariPool-3 - Added connection org.postgresql.jdbc.PgConnection@7f103955
2024-09-11T13:49:54.598-04:00  INFO 64322 --- [dictionary_etl] [restartedMain] com.zaxxer.hikari.HikariDataSource       : HikariPool-3 - Start completed.
2024-09-11T13:49:54.599-04:00  INFO 64322 --- [dictionary_etl] [restartedMain] o.hibernate.jpa.internal.util.LogHelper  : HHH000204: Processing PersistenceUnitInfo [name: default]
2024-09-11T13:49:54.601-04:00  INFO 64322 --- [dictionary_etl] [restartedMain] o.h.c.internal.RegionFactoryInitiator    : HHH000026: Second-level cache disabled
2024-09-11T13:49:54.604-04:00  INFO 64322 --- [dictionary_etl] [restartedMain] o.s.o.j.p.SpringPersistenceUnitInfo      : No LoadTimeWeaver setup: ignoring JPA class transformer
2024-09-11T13:49:54.708-04:00  INFO 64322 --- [dictionary_etl] [restartedMain] o.h.e.t.j.p.i.JtaPlatformInitiator       : HHH000489: No JTA platform available (set 'hibernate.transaction.jta.platform' to enable JTA platform integration)
2024-09-11T13:49:54.712-04:00  INFO 64322 --- [dictionary_etl] [restartedMain] j.LocalContainerEntityManagerFactoryBean : Initialized JPA EntityManagerFactory for persistence unit 'default'
2024-09-11T13:49:54.855-04:00  WARN 64322 --- [dictionary_etl] [restartedMain] JpaBaseConfiguration$JpaWebConfiguration : spring.jpa.open-in-view is enabled by default. Therefore, database queries may be performed during view rendering. Explicitly configure spring.jpa.open-in-view to disable this warning
2024-09-11T13:49:55.067-04:00  INFO 64322 --- [dictionary_etl] [restartedMain] o.s.b.d.a.OptionalLiveReloadServer       : LiveReload server is running on port 35729
2024-09-11T13:49:55.077-04:00  INFO 64322 --- [dictionary_etl] [restartedMain] o.s.b.w.embedded.tomcat.TomcatWebServer  : Tomcat started on port 8086 (http) with context path ''
2024-09-11T13:49:55.105-04:00  INFO 64322 --- [dictionary_etl] [restartedMain] e.h.d.a.d.DictionaryEtlApplication       : Started DictionaryEtlApplication in 0.884 seconds (process running for 209.977)
2024-09-11T13:49:55.107-04:00  INFO 64322 --- [dictionary_etl] [restartedMain] .ConditionEvaluationDeltaLoggingListener : Condition evaluation unchanged
2024-09-11T13:49:56.478-04:00  INFO 64322 --- [dictionary_etl] [File Watcher] rtingClassPathChangeChangedEventListener : Restarting due to 1 class path change (0 additions, 0 deletions, 1 modification)
2024-09-11T13:49:56.482-04:00  INFO 64322 --- [dictionary_etl] [Thread-11] j.LocalContainerEntityManagerFactoryBean : Closing JPA EntityManagerFactory for persistence unit 'default'
2024-09-11T13:49:56.482-04:00  INFO 64322 --- [dictionary_etl] [Thread-11] com.zaxxer.hikari.HikariDataSource       : HikariPool-3 - Shutdown initiated...
2024-09-11T13:49:56.484-04:00  INFO 64322 --- [dictionary_etl] [Thread-11] com.zaxxer.hikari.HikariDataSource       : HikariPool-3 - Shutdown completed.
2024-09-11T13:49:56.563-04:00  INFO 64322 --- [dictionary_etl] [restartedMain] e.h.d.a.d.DictionaryEtlApplication       : Starting DictionaryEtlApplication using Java 19.0.2 with PID 64322 (/Users/sharra/github/picsure-dictionary-etl/target/classes started by sharra in /Users/sharra/github/picsure-dictionary-etl)
2024-09-11T13:49:56.563-04:00  INFO 64322 --- [dictionary_etl] [restartedMain] e.h.d.a.d.DictionaryEtlApplication       : No active profile set, falling back to 1 default profile: "default"
2024-09-11T13:49:56.677-04:00  INFO 64322 --- [dictionary_etl] [restartedMain] .s.d.r.c.RepositoryConfigurationDelegate : Bootstrapping Spring Data JPA repositories in DEFAULT mode.
2024-09-11T13:49:56.692-04:00  INFO 64322 --- [dictionary_etl] [restartedMain] .s.d.r.c.RepositoryConfigurationDelegate : Finished Spring Data repository scanning in 13 ms. Found 9 JPA repository interfaces.
2024-09-11T13:49:56.777-04:00  INFO 64322 --- [dictionary_etl] [restartedMain] o.s.b.w.embedded.tomcat.TomcatWebServer  : Tomcat initialized with port 8086 (http)
2024-09-11T13:49:56.778-04:00  INFO 64322 --- [dictionary_etl] [restartedMain] o.apache.catalina.core.StandardService   : Starting service [Tomcat]
2024-09-11T13:49:56.778-04:00  INFO 64322 --- [dictionary_etl] [restartedMain] o.apache.catalina.core.StandardEngine    : Starting Servlet engine: [Apache Tomcat/10.1.19]
2024-09-11T13:49:56.787-04:00  INFO 64322 --- [dictionary_etl] [restartedMain] o.a.c.c.C.[Tomcat].[localhost].[/]       : Initializing Spring embedded WebApplicationContext
2024-09-11T13:49:56.787-04:00  INFO 64322 --- [dictionary_etl] [restartedMain] w.s.c.ServletWebServerApplicationContext : Root WebApplicationContext: initialization completed in 223 ms
2024-09-11T13:49:56.827-04:00  INFO 64322 --- [dictionary_etl] [restartedMain] com.zaxxer.hikari.HikariDataSource       : HikariPool-4 - Starting...
2024-09-11T13:49:56.865-04:00  INFO 64322 --- [dictionary_etl] [restartedMain] com.zaxxer.hikari.pool.HikariPool        : HikariPool-4 - Added connection org.postgresql.jdbc.PgConnection@1f6f9316
2024-09-11T13:49:56.866-04:00  INFO 64322 --- [dictionary_etl] [restartedMain] com.zaxxer.hikari.HikariDataSource       : HikariPool-4 - Start completed.
2024-09-11T13:49:56.867-04:00  INFO 64322 --- [dictionary_etl] [restartedMain] o.hibernate.jpa.internal.util.LogHelper  : HHH000204: Processing PersistenceUnitInfo [name: default]
2024-09-11T13:49:56.869-04:00  INFO 64322 --- [dictionary_etl] [restartedMain] o.h.c.internal.RegionFactoryInitiator    : HHH000026: Second-level cache disabled
2024-09-11T13:49:56.875-04:00  INFO 64322 --- [dictionary_etl] [restartedMain] o.s.o.j.p.SpringPersistenceUnitInfo      : No LoadTimeWeaver setup: ignoring JPA class transformer
2024-09-11T13:49:56.977-04:00  INFO 64322 --- [dictionary_etl] [restartedMain] o.h.e.t.j.p.i.JtaPlatformInitiator       : HHH000489: No JTA platform available (set 'hibernate.transaction.jta.platform' to enable JTA platform integration)
2024-09-11T13:49:56.978-04:00  INFO 64322 --- [dictionary_etl] [restartedMain] j.LocalContainerEntityManagerFactoryBean : Initialized JPA EntityManagerFactory for persistence unit 'default'
2024-09-11T13:49:57.103-04:00  WARN 64322 --- [dictionary_etl] [restartedMain] JpaBaseConfiguration$JpaWebConfiguration : spring.jpa.open-in-view is enabled by default. Therefore, database queries may be performed during view rendering. Explicitly configure spring.jpa.open-in-view to disable this warning
2024-09-11T13:49:57.255-04:00  INFO 64322 --- [dictionary_etl] [restartedMain] o.s.b.d.a.OptionalLiveReloadServer       : LiveReload server is running on port 35729
2024-09-11T13:49:57.265-04:00  INFO 64322 --- [dictionary_etl] [restartedMain] o.s.b.w.embedded.tomcat.TomcatWebServer  : Tomcat started on port 8086 (http) with context path ''
2024-09-11T13:49:57.270-04:00  INFO 64322 --- [dictionary_etl] [restartedMain] e.h.d.a.d.DictionaryEtlApplication       : Started DictionaryEtlApplication in 0.724 seconds (process running for 212.142)
2024-09-11T13:49:57.272-04:00  INFO 64322 --- [dictionary_etl] [restartedMain] .ConditionEvaluationDeltaLoggingListener : Condition evaluation unchanged
2024-09-11T13:50:12.279-04:00  INFO 64322 --- [dictionary_etl] [SpringApplicationShutdownHook] j.LocalContainerEntityManagerFactoryBean : Closing JPA EntityManagerFactory for persistence unit 'default'
2024-09-11T13:50:12.279-04:00  INFO 64322 --- [dictionary_etl] [SpringApplicationShutdownHook] com.zaxxer.hikari.HikariDataSource       : HikariPool-4 - Shutdown initiated...
2024-09-11T13:50:12.281-04:00  INFO 64322 --- [dictionary_etl] [SpringApplicationShutdownHook] com.zaxxer.hikari.HikariDataSource       : HikariPool-4 - Shutdown completed.
2024-09-11T14:07:29.339-04:00  INFO 70647 --- [dictionary_etl] [restartedMain] e.h.d.a.d.DictionaryEtlApplication       : Starting DictionaryEtlApplication using Java 19.0.2 with PID 70647 (/Users/sharra/github/picsure-dictionary-etl/target/classes started by sharra in /Users/sharra/github/picsure-dictionary-etl)
2024-09-11T14:07:29.342-04:00  INFO 70647 --- [dictionary_etl] [restartedMain] e.h.d.a.d.DictionaryEtlApplication       : No active profile set, falling back to 1 default profile: "default"
2024-09-11T14:07:29.401-04:00  INFO 70647 --- [dictionary_etl] [restartedMain] .e.DevToolsPropertyDefaultsPostProcessor : Devtools property defaults active! Set 'spring.devtools.add-properties' to 'false' to disable
2024-09-11T14:07:29.401-04:00  INFO 70647 --- [dictionary_etl] [restartedMain] .e.DevToolsPropertyDefaultsPostProcessor : For additional web related logging consider setting the 'logging.level.web' property to 'DEBUG'
2024-09-11T14:07:30.057-04:00  INFO 70647 --- [dictionary_etl] [restartedMain] .s.d.r.c.RepositoryConfigurationDelegate : Bootstrapping Spring Data JPA repositories in DEFAULT mode.
2024-09-11T14:07:30.124-04:00  INFO 70647 --- [dictionary_etl] [restartedMain] .s.d.r.c.RepositoryConfigurationDelegate : Finished Spring Data repository scanning in 58 ms. Found 9 JPA repository interfaces.
2024-09-11T14:07:30.733-04:00  INFO 70647 --- [dictionary_etl] [restartedMain] o.s.b.w.embedded.tomcat.TomcatWebServer  : Tomcat initialized with port 8086 (http)
2024-09-11T14:07:30.752-04:00  INFO 70647 --- [dictionary_etl] [restartedMain] o.apache.catalina.core.StandardService   : Starting service [Tomcat]
2024-09-11T14:07:30.752-04:00  INFO 70647 --- [dictionary_etl] [restartedMain] o.apache.catalina.core.StandardEngine    : Starting Servlet engine: [Apache Tomcat/10.1.19]
2024-09-11T14:07:30.797-04:00  INFO 70647 --- [dictionary_etl] [restartedMain] o.a.c.c.C.[Tomcat].[localhost].[/]       : Initializing Spring embedded WebApplicationContext
2024-09-11T14:07:30.798-04:00  INFO 70647 --- [dictionary_etl] [restartedMain] w.s.c.ServletWebServerApplicationContext : Root WebApplicationContext: initialization completed in 1396 ms
2024-09-11T14:07:30.954-04:00  INFO 70647 --- [dictionary_etl] [restartedMain] com.zaxxer.hikari.HikariDataSource       : HikariPool-1 - Starting...
2024-09-11T14:07:31.141-04:00  INFO 70647 --- [dictionary_etl] [restartedMain] com.zaxxer.hikari.pool.HikariPool        : HikariPool-1 - Added connection org.postgresql.jdbc.PgConnection@1c594b51
2024-09-11T14:07:31.143-04:00  INFO 70647 --- [dictionary_etl] [restartedMain] com.zaxxer.hikari.HikariDataSource       : HikariPool-1 - Start completed.
2024-09-11T14:07:31.196-04:00  INFO 70647 --- [dictionary_etl] [restartedMain] o.hibernate.jpa.internal.util.LogHelper  : HHH000204: Processing PersistenceUnitInfo [name: default]
2024-09-11T14:07:31.269-04:00  INFO 70647 --- [dictionary_etl] [restartedMain] org.hibernate.Version                    : HHH000412: Hibernate ORM core version 6.4.4.Final
2024-09-11T14:07:31.309-04:00  INFO 70647 --- [dictionary_etl] [restartedMain] o.h.c.internal.RegionFactoryInitiator    : HHH000026: Second-level cache disabled
2024-09-11T14:07:31.606-04:00  INFO 70647 --- [dictionary_etl] [restartedMain] o.s.o.j.p.SpringPersistenceUnitInfo      : No LoadTimeWeaver setup: ignoring JPA class transformer
2024-09-11T14:07:32.743-04:00  INFO 70647 --- [dictionary_etl] [restartedMain] o.h.e.t.j.p.i.JtaPlatformInitiator       : HHH000489: No JTA platform available (set 'hibernate.transaction.jta.platform' to enable JTA platform integration)
2024-09-11T14:07:32.745-04:00  INFO 70647 --- [dictionary_etl] [restartedMain] j.LocalContainerEntityManagerFactoryBean : Initialized JPA EntityManagerFactory for persistence unit 'default'
2024-09-11T14:07:33.197-04:00  WARN 70647 --- [dictionary_etl] [restartedMain] JpaBaseConfiguration$JpaWebConfiguration : spring.jpa.open-in-view is enabled by default. Therefore, database queries may be performed during view rendering. Explicitly configure spring.jpa.open-in-view to disable this warning
2024-09-11T14:07:33.758-04:00  INFO 70647 --- [dictionary_etl] [restartedMain] o.s.b.d.a.OptionalLiveReloadServer       : LiveReload server is running on port 35729
2024-09-11T14:07:33.790-04:00  INFO 70647 --- [dictionary_etl] [restartedMain] o.s.b.w.embedded.tomcat.TomcatWebServer  : Tomcat started on port 8086 (http) with context path ''
2024-09-11T14:07:33.803-04:00  INFO 70647 --- [dictionary_etl] [restartedMain] e.h.d.a.d.DictionaryEtlApplication       : Started DictionaryEtlApplication in 4.885 seconds (process running for 5.29)
2024-09-11T14:08:23.551-04:00  INFO 70647 --- [dictionary_etl] [http-nio-8086-exec-2] o.a.c.c.C.[Tomcat].[localhost].[/]       : Initializing Spring DispatcherServlet 'dispatcherServlet'
2024-09-11T14:08:23.551-04:00  INFO 70647 --- [dictionary_etl] [http-nio-8086-exec-2] o.s.web.servlet.DispatcherServlet        : Initializing Servlet 'dispatcherServlet'
2024-09-11T14:08:23.553-04:00  INFO 70647 --- [dictionary_etl] [http-nio-8086-exec-2] o.s.web.servlet.DispatcherServlet        : Completed initialization in 1 ms
2024-09-11T14:16:07.655-04:00  INFO 70647 --- [dictionary_etl] [SpringApplicationShutdownHook] j.LocalContainerEntityManagerFactoryBean : Closing JPA EntityManagerFactory for persistence unit 'default'
2024-09-11T14:16:07.660-04:00  INFO 70647 --- [dictionary_etl] [SpringApplicationShutdownHook] com.zaxxer.hikari.HikariDataSource       : HikariPool-1 - Shutdown initiated...
2024-09-11T14:16:07.663-04:00  INFO 70647 --- [dictionary_etl] [SpringApplicationShutdownHook] com.zaxxer.hikari.HikariDataSource       : HikariPool-1 - Shutdown completed.
